<?xml version="1.0" encoding="UTF-8"?>
<testng-results skipped="0" failed="1" ignored="0" total="3" passed="2">
  <reporter-output>
  </reporter-output>
  <suite name="Suite1" duration-ms="139950" started-at="2019-09-30T19:10:41 IST" finished-at="2019-09-30T19:13:01 IST">
    <groups>
    </groups>
    <test name="footer" duration-ms="79134" started-at="2019-09-30T19:10:41 IST" finished-at="2019-09-30T19:12:01 IST">
      <class name="com.atmecs.scripts.ValidateFooter">
        <test-method status="PASS" signature="setBrowser(java.lang.String)[pri:0, instance:com.atmecs.scripts.ValidateFooter@3159c4b8]" name="setBrowser" is-config="true" duration-ms="22206" started-at="2019-09-30T19:10:41 IST" finished-at="2019-09-30T19:11:04 IST">
          <params>
            <param index="0">
              <value>
                <![CDATA[chrome]]>
              </value>
            </param>
          </params>
          <reporter-output>
          </reporter-output>
        </test-method> <!-- setBrowser -->
        <test-method status="PASS" signature="footerValidation()[pri:0, instance:com.atmecs.scripts.ValidateFooter@3159c4b8]" name="footerValidation" duration-ms="56874" started-at="2019-09-30T19:11:04 IST" finished-at="2019-09-30T19:12:01 IST">
          <reporter-output>
          </reporter-output>
        </test-method> <!-- footerValidation -->
      </class> <!-- com.atmecs.scripts.ValidateFooter -->
    </test> <!-- footer -->
    <test name="contentmenu" duration-ms="25832" started-at="2019-09-30T19:12:01 IST" finished-at="2019-09-30T19:12:26 IST">
      <class name="com.atmecs.scripts.ValidateContentMenu">
        <test-method status="PASS" signature="setBrowser(java.lang.String)[pri:0, instance:com.atmecs.scripts.ValidateContentMenu@1d29cf23]" name="setBrowser" is-config="true" duration-ms="21927" started-at="2019-09-30T19:12:01 IST" finished-at="2019-09-30T19:12:23 IST">
          <params>
            <param index="0">
              <value>
                <![CDATA[chrome]]>
              </value>
            </param>
          </params>
          <reporter-output>
          </reporter-output>
        </test-method> <!-- setBrowser -->
        <test-method status="PASS" signature="contentMenuValidation()[pri:0, instance:com.atmecs.scripts.ValidateContentMenu@1d29cf23]" name="contentMenuValidation" duration-ms="3903" started-at="2019-09-30T19:12:23 IST" finished-at="2019-09-30T19:12:26 IST">
          <reporter-output>
          </reporter-output>
        </test-method> <!-- contentMenuValidation -->
      </class> <!-- com.atmecs.scripts.ValidateContentMenu -->
    </test> <!-- contentmenu -->
    <test name="blog" duration-ms="34931" started-at="2019-09-30T19:12:26 IST" finished-at="2019-09-30T19:13:01 IST">
      <class name="com.atmecs.scripts.ValidateBlog">
        <test-method status="PASS" signature="setBrowser(java.lang.String)[pri:0, instance:com.atmecs.scripts.ValidateBlog@1786dec2]" name="setBrowser" is-config="true" duration-ms="19554" started-at="2019-09-30T19:12:26 IST" finished-at="2019-09-30T19:12:46 IST">
          <params>
            <param index="0">
              <value>
                <![CDATA[chrome]]>
              </value>
            </param>
          </params>
          <reporter-output>
          </reporter-output>
        </test-method> <!-- setBrowser -->
        <test-method status="FAIL" signature="validatebloger()[pri:0, instance:com.atmecs.scripts.ValidateBlog@1786dec2]" name="validatebloger" duration-ms="15364" started-at="2019-09-30T19:12:46 IST" finished-at="2019-09-30T19:13:01 IST">
          <exception class="java.lang.AssertionError">
            <message>
              <![CDATA[expected [failed: hidden message is not displayed posted comment with no data at comment box] but found [false]]]>
            </message>
            <full-stacktrace>
              <![CDATA[java.lang.AssertionError: expected [failed: hidden message is not displayed posted comment with no data at comment box] but found [false]
at org.testng.Assert.fail(Assert.java:97)
at org.testng.Assert.assertEqualsImpl(Assert.java:136)
at org.testng.Assert.assertEquals(Assert.java:118)
at org.testng.Assert.assertEquals(Assert.java:563)
at com.atmecs.blogs.BlogValidation.validateErrorMessage(BlogValidation.java:65)
at com.atmecs.scripts.ValidateBlog.validatebloger(ValidateBlog.java:19)
at sun.reflect.NativeMethodAccessorImpl.invoke0(Native Method)
at sun.reflect.NativeMethodAccessorImpl.invoke(Unknown Source)
at sun.reflect.DelegatingMethodAccessorImpl.invoke(Unknown Source)
at java.lang.reflect.Method.invoke(Unknown Source)
at org.testng.internal.MethodInvocationHelper.invokeMethod(MethodInvocationHelper.java:133)
at org.testng.internal.TestInvoker.invokeMethod(TestInvoker.java:584)
at org.testng.internal.TestInvoker.invokeTestMethod(TestInvoker.java:172)
at org.testng.internal.MethodRunner.runInSequence(MethodRunner.java:46)
at org.testng.internal.TestInvoker$MethodInvocationAgent.invoke(TestInvoker.java:804)
at org.testng.internal.TestInvoker.invokeTestMethods(TestInvoker.java:145)
at org.testng.internal.TestMethodWorker.invokeTestMethods(TestMethodWorker.java:146)
at org.testng.internal.TestMethodWorker.run(TestMethodWorker.java:128)
at java.util.ArrayList.forEach(Unknown Source)
at org.testng.TestRunner.privateRun(TestRunner.java:770)
at org.testng.TestRunner.run(TestRunner.java:591)
at org.testng.SuiteRunner.runTest(SuiteRunner.java:402)
at org.testng.SuiteRunner.runSequentially(SuiteRunner.java:396)
at org.testng.SuiteRunner.privateRun(SuiteRunner.java:355)
at org.testng.SuiteRunner.run(SuiteRunner.java:304)
at org.testng.SuiteRunnerWorker.runSuite(SuiteRunnerWorker.java:53)
at org.testng.SuiteRunnerWorker.run(SuiteRunnerWorker.java:96)
at org.testng.TestNG.runSuitesSequentially(TestNG.java:1180)
at org.testng.TestNG.runSuitesSequentially(TestNG.java:1175)
at org.testng.TestNG.runSuitesLocally(TestNG.java:1102)
at org.testng.TestNG.runSuites(TestNG.java:1032)
at org.testng.TestNG.run(TestNG.java:1000)
at org.apache.maven.surefire.testng.TestNGExecutor.run(TestNGExecutor.java:283)
at org.apache.maven.surefire.testng.TestNGXmlTestSuite.execute(TestNGXmlTestSuite.java:75)
at org.apache.maven.surefire.testng.TestNGProvider.invoke(TestNGProvider.java:120)
at org.apache.maven.surefire.booter.ForkedBooter.invokeProviderInSameClassLoader(ForkedBooter.java:384)
at org.apache.maven.surefire.booter.ForkedBooter.runSuitesInProcess(ForkedBooter.java:345)
at org.apache.maven.surefire.booter.ForkedBooter.execute(ForkedBooter.java:126)
at org.apache.maven.surefire.booter.ForkedBooter.main(ForkedBooter.java:418)
]]>
            </full-stacktrace>
          </exception> <!-- java.lang.AssertionError -->
          <reporter-output>
          </reporter-output>
        </test-method> <!-- validatebloger -->
      </class> <!-- com.atmecs.scripts.ValidateBlog -->
    </test> <!-- blog -->
  </suite> <!-- Suite1 -->
  <suite name="Test-class Suite" duration-ms="0" started-at="2019-09-30T19:13:02 IST" finished-at="2019-09-30T19:13:02 IST">
    <groups>
    </groups>
  </suite> <!-- Test-class Suite -->
</testng-results>
