<?xml version="1.0" encoding="UTF-8"?>
<testng-results skipped="0" failed="1" ignored="0" total="3" passed="2">
  <reporter-output>
  </reporter-output>
  <suite name="Suite1" duration-ms="142502" started-at="2019-09-30T13:52:39Z" finished-at="2019-09-30T13:55:01Z">
    <groups>
    </groups>
    <test name="footer" duration-ms="80464" started-at="2019-09-30T13:52:39Z" finished-at="2019-09-30T13:53:59Z">
      <class name="com.atmecs.scripts.ValidateFooter">
        <test-method status="PASS" signature="setBrowser(java.lang.String)[pri:0, instance:com.atmecs.scripts.ValidateFooter@5f341870]" name="setBrowser" is-config="true" duration-ms="24443" started-at="2019-09-30T13:52:39Z" finished-at="2019-09-30T13:53:03Z">
          <params>
            <param index="0">
              <value>
                <![CDATA[chrome]]>
              </value>
            </param>
          </params>
          <reporter-output>
          </reporter-output>
        </test-method> <!-- setBrowser -->
        <test-method status="PASS" signature="footerValidation()[pri:0, instance:com.atmecs.scripts.ValidateFooter@5f341870]" name="footerValidation" duration-ms="55976" started-at="2019-09-30T13:53:03Z" finished-at="2019-09-30T13:53:59Z">
          <reporter-output>
          </reporter-output>
        </test-method> <!-- footerValidation -->
      </class> <!-- com.atmecs.scripts.ValidateFooter -->
    </test> <!-- footer -->
    <test name="contentmenu" duration-ms="25653" started-at="2019-09-30T13:53:59Z" finished-at="2019-09-30T13:54:25Z">
      <class name="com.atmecs.scripts.ValidateContentMenu">
        <test-method status="PASS" signature="setBrowser(java.lang.String)[pri:0, instance:com.atmecs.scripts.ValidateContentMenu@1f554b06]" name="setBrowser" is-config="true" duration-ms="21833" started-at="2019-09-30T13:53:59Z" finished-at="2019-09-30T13:54:21Z">
          <params>
            <param index="0">
              <value>
                <![CDATA[chrome]]>
              </value>
            </param>
          </params>
          <reporter-output>
          </reporter-output>
        </test-method> <!-- setBrowser -->
        <test-method status="PASS" signature="contentMenuValidation()[pri:0, instance:com.atmecs.scripts.ValidateContentMenu@1f554b06]" name="contentMenuValidation" duration-ms="3815" started-at="2019-09-30T13:54:21Z" finished-at="2019-09-30T13:54:25Z">
          <reporter-output>
          </reporter-output>
        </test-method> <!-- contentMenuValidation -->
      </class> <!-- com.atmecs.scripts.ValidateContentMenu -->
    </test> <!-- contentmenu -->
    <test name="blog" duration-ms="36350" started-at="2019-09-30T13:54:25Z" finished-at="2019-09-30T13:55:01Z">
      <class name="com.atmecs.scripts.ValidateBlog">
        <test-method status="PASS" signature="setBrowser(java.lang.String)[pri:0, instance:com.atmecs.scripts.ValidateBlog@7f13d6e]" name="setBrowser" is-config="true" duration-ms="20461" started-at="2019-09-30T13:54:25Z" finished-at="2019-09-30T13:54:45Z">
          <params>
            <param index="0">
              <value>
                <![CDATA[chrome]]>
              </value>
            </param>
          </params>
          <reporter-output>
          </reporter-output>
        </test-method> <!-- setBrowser -->
        <test-method status="FAIL" signature="validatebloger()[pri:0, instance:com.atmecs.scripts.ValidateBlog@7f13d6e]" name="validatebloger" duration-ms="15883" started-at="2019-09-30T13:54:45Z" finished-at="2019-09-30T13:55:01Z">
          <exception class="java.lang.AssertionError">
            <message>
              <![CDATA[expected [failed: hidden message is not displayed posted comment with no data at comment box] but found [false]]]>
            </message>
            <full-stacktrace>
              <![CDATA[java.lang.AssertionError: expected [failed: hidden message is not displayed posted comment with no data at comment box] but found [false]
at org.testng.Assert.fail(Assert.java:96)
at org.testng.Assert.failNotEquals(Assert.java:776)
at org.testng.Assert.assertEqualsImpl(Assert.java:137)
at org.testng.Assert.assertEquals(Assert.java:118)
at org.testng.Assert.assertEquals(Assert.java:442)
at com.atmecs.blogs.BlogValidation.validateErrorMessage(BlogValidation.java:65)
at com.atmecs.scripts.ValidateBlog.validatebloger(ValidateBlog.java:19)
at sun.reflect.NativeMethodAccessorImpl.invoke0(Native Method)
at sun.reflect.NativeMethodAccessorImpl.invoke(Unknown Source)
at sun.reflect.DelegatingMethodAccessorImpl.invoke(Unknown Source)
at java.lang.reflect.Method.invoke(Unknown Source)
at org.testng.internal.MethodInvocationHelper.invokeMethod(MethodInvocationHelper.java:124)
at org.testng.internal.Invoker.invokeMethod(Invoker.java:583)
at org.testng.internal.Invoker.invokeTestMethod(Invoker.java:719)
at org.testng.internal.Invoker.invokeTestMethods(Invoker.java:989)
at org.testng.internal.TestMethodWorker.invokeTestMethods(TestMethodWorker.java:125)
at org.testng.internal.TestMethodWorker.run(TestMethodWorker.java:109)
at org.testng.TestRunner.privateRun(TestRunner.java:648)
at org.testng.TestRunner.run(TestRunner.java:505)
at org.testng.SuiteRunner.runTest(SuiteRunner.java:455)
at org.testng.SuiteRunner.runSequentially(SuiteRunner.java:450)
at org.testng.SuiteRunner.privateRun(SuiteRunner.java:415)
at org.testng.SuiteRunner.run(SuiteRunner.java:364)
at org.testng.SuiteRunnerWorker.runSuite(SuiteRunnerWorker.java:52)
at org.testng.SuiteRunnerWorker.run(SuiteRunnerWorker.java:84)
at org.testng.TestNG.runSuitesSequentially(TestNG.java:1208)
at org.testng.TestNG.runSuitesLocally(TestNG.java:1137)
at org.testng.TestNG.runSuites(TestNG.java:1049)
at org.testng.TestNG.run(TestNG.java:1017)
at org.testng.remote.AbstractRemoteTestNG.run(AbstractRemoteTestNG.java:115)
at org.testng.remote.RemoteTestNG.initAndRun(RemoteTestNG.java:251)
at org.testng.remote.RemoteTestNG.main(RemoteTestNG.java:77)
]]>
            </full-stacktrace>
          </exception> <!-- java.lang.AssertionError -->
          <reporter-output>
          </reporter-output>
        </test-method> <!-- validatebloger -->
      </class> <!-- com.atmecs.scripts.ValidateBlog -->
    </test> <!-- blog -->
  </suite> <!-- Suite1 -->
</testng-results>
